<?xml version="1.0" encoding="UTF-8"?>
<testsuite name="com.techandsolve.runnertest.RunnerTestSite" tests="0" skipped="0" failures="0" errors="0" timestamp="1970-01-01T00:00:00" hostname="50HW012643" time="0.0">
  <properties/>
  <system-out><![CDATA[Setting runtime options in createRuntime()
]]></system-out>
  <system-err><![CDATA[]]></system-err>
</testsuite>
